<?xml version="1.0" encoding="UTF-8"?>
<testng-results skipped="0" failed="0" ignored="0" total="4" passed="4">
  <reporter-output>
  </reporter-output>
  <suite name="Suite" duration-ms="76" started-at="2021-01-01T20:42:42 EST" finished-at="2021-01-01T20:42:42 EST">
    <groups>
    </groups>
    <test name="Test" duration-ms="76" started-at="2021-01-01T20:42:42 EST" finished-at="2021-01-01T20:42:42 EST">
      <class name="qaclickacademy.RestAPITest">
        <test-method status="PASS" signature="deletetwitter()[pri:0, instance:qaclickacademy.RestAPITest@1e965684]" name="deletetwitter" duration-ms="1" started-at="2021-01-01T20:42:42 EST" finished-at="2021-01-01T20:42:42 EST">
          <reporter-output>
          </reporter-output>
        </test-method> <!-- deletetwitter -->
        <test-method status="PASS" signature="postJira()[pri:0, instance:qaclickacademy.RestAPITest@1e965684]" name="postJira" duration-ms="2" started-at="2021-01-01T20:42:42 EST" finished-at="2021-01-01T20:42:42 EST">
          <reporter-output>
          </reporter-output>
        </test-method> <!-- postJira -->
      </class> <!-- qaclickacademy.RestAPITest -->
      <class name="qaclickacademy.SeleniumTest">
        <test-method status="PASS" signature="BrowserAutomation()[pri:0, instance:qaclickacademy.SeleniumTest@167fdd33]" name="BrowserAutomation" duration-ms="8" started-at="2021-01-01T20:42:42 EST" finished-at="2021-01-01T20:42:42 EST">
          <reporter-output>
          </reporter-output>
        </test-method> <!-- BrowserAutomation -->
        <test-method status="PASS" signature="elementsUI()[pri:0, instance:qaclickacademy.SeleniumTest@167fdd33]" name="elementsUI" duration-ms="1" started-at="2021-01-01T20:42:42 EST" finished-at="2021-01-01T20:42:42 EST">
          <reporter-output>
          </reporter-output>
        </test-method> <!-- elementsUI -->
      </class> <!-- qaclickacademy.SeleniumTest -->
    </test> <!-- Test -->
  </suite> <!-- Suite -->
</testng-results>
