<?xml version="1.0" encoding="UTF-8"?>
<testng-results skipped="0" failed="0" ignored="0" total="2" passed="2">
  <reporter-output>
  </reporter-output>
  <suite name="Default suite" duration-ms="92" started-at="2021-01-15T21:41:03 EST" finished-at="2021-01-15T21:41:03 EST">
    <groups>
    </groups>
    <test name="Default test" duration-ms="92" started-at="2021-01-15T21:41:03 EST" finished-at="2021-01-15T21:41:03 EST">
      <class name="qaclickacademy.AppiumTest">
        <test-method status="PASS" signature="IOS()[pri:0, instance:qaclickacademy.AppiumTest@1e7c7811]" name="IOS" duration-ms="11" started-at="2021-01-15T21:41:03 EST" finished-at="2021-01-15T21:41:03 EST">
          <reporter-output>
          </reporter-output>
        </test-method> <!-- IOS -->
        <test-method status="PASS" signature="NativeAppAndroid()[pri:0, instance:qaclickacademy.AppiumTest@1e7c7811]" name="NativeAppAndroid" duration-ms="5" started-at="2021-01-15T21:41:03 EST" finished-at="2021-01-15T21:41:03 EST">
          <reporter-output>
          </reporter-output>
        </test-method> <!-- NativeAppAndroid -->
      </class> <!-- qaclickacademy.AppiumTest -->
    </test> <!-- Default test -->
  </suite> <!-- Default suite -->
</testng-results>
